09-Aug-2020 14:32:31 INFO Acesso à página efetuado!
09-Aug-2020 14:32:32 INFO Login efetuado com sucesso.
09-Aug-2020 14:32:42 INFO Página de aula digital acessada.
09-Aug-2020 14:32:53 INFO Perfil de professor selecionado.
09-Aug-2020 14:33:03 INFO Inserindo registro 1 ...
09-Aug-2020 14:33:07 INFO Selecionou a série 1ª Série EM.
09-Aug-2020 14:33:14 ERROR Não foi possível selecionar a disciplina 1º MÉDIO 2020-Matemática.
09-Aug-2020 14:39:45 INFO Acesso à página efetuado!
09-Aug-2020 14:39:46 INFO Login efetuado com sucesso.
09-Aug-2020 14:39:55 INFO Página de aula digital acessada.
09-Aug-2020 14:40:11 INFO Perfil de professor selecionado.
09-Aug-2020 14:40:26 INFO Inserindo registro 1 ...
09-Aug-2020 14:40:29 INFO Selecionou a série 1ª Série EM.
09-Aug-2020 14:40:41 INFO Selecinou a disciplina 1º MÉDIO 2020-Matemática.
09-Aug-2020 14:40:57 INFO Inseriu título da aula: 1EM_GMT Aula 10-08-2020.
09-Aug-2020 14:41:00 INFO Inseriu a data 10/08/2020.
09-Aug-2020 14:41:02 INFO Inseriu o horário 09:00.
09-Aug-2020 14:41:05 INFO Aula adicionada com sucesso!
09-Aug-2020 14:41:20 INFO Inserindo registro 2 ...
09-Aug-2020 14:41:23 INFO Selecionou a série 3ª Série EM.
09-Aug-2020 14:41:32 ERROR Não foi possível abrir menu de disciplinas.
09-Aug-2020 14:41:34 ERROR Não foi possível selecionar a disciplina 3º MÉDIO 2020-Matemática.
09-Aug-2020 14:41:43 ERROR Não foi possível clicar em criar nova aula.
09-Aug-2020 14:43:41 INFO Acesso à página efetuado!
09-Aug-2020 14:43:42 INFO Login efetuado com sucesso.
09-Aug-2020 14:43:50 INFO Página de aula digital acessada.
09-Aug-2020 14:44:06 INFO Perfil de professor selecionado.
09-Aug-2020 14:44:21 INFO Inserindo registro 1 ...
09-Aug-2020 14:44:24 INFO Selecionou a série 3ª Série EM.
09-Aug-2020 14:44:35 INFO Selecinou a disciplina 3º MÉDIO 2020-Matemática.
09-Aug-2020 14:44:51 INFO Inseriu título da aula: 3EM_GMT Aula 10-08-2020.
09-Aug-2020 14:44:54 INFO Inseriu a data 10/08/2020.
09-Aug-2020 14:44:56 INFO Inseriu o horário 10:00.
09-Aug-2020 14:44:58 INFO Aula adicionada com sucesso!
09-Aug-2020 14:45:13 INFO Inserindo registro 2 ...
09-Aug-2020 14:45:16 INFO Selecionou a série 2ª Série EM.
09-Aug-2020 14:45:25 ERROR Não foi possível abrir menu de disciplinas.
09-Aug-2020 14:45:27 ERROR Não foi possível selecionar a disciplina 2º MÉDIO 2020-Matemática.
09-Aug-2020 14:49:43 INFO Acesso à página efetuado!
09-Aug-2020 14:49:44 INFO Login efetuado com sucesso.
09-Aug-2020 14:49:52 INFO Página de aula digital acessada.
09-Aug-2020 14:50:07 INFO Perfil de professor selecionado.
09-Aug-2020 14:50:22 INFO Inserindo registro 1 ...
09-Aug-2020 14:50:25 INFO Selecionou a série 2ª Série EM.
09-Aug-2020 14:50:34 ERROR Não foi possível abrir menu de disciplinas.
09-Aug-2020 14:50:36 ERROR Não foi possível selecionar a disciplina 2º MÉDIO 2020-Matemática.
09-Aug-2020 14:50:39 ERROR Não foi possível fechar menu de disciplinas.
09-Aug-2020 14:57:33 INFO Acesso à página efetuado!
09-Aug-2020 14:57:33 INFO Login efetuado com sucesso.
09-Aug-2020 14:57:42 INFO Página de aula digital acessada.
09-Aug-2020 14:57:58 INFO Perfil de professor selecionado.
09-Aug-2020 14:58:13 INFO Inserindo registro 1 ...
09-Aug-2020 14:58:16 INFO Selecionou a série 2ª Série EM.
09-Aug-2020 14:58:21 INFO Selecinou a disciplina 2º MÉDIO 2020-Matemática.
09-Aug-2020 14:58:24 ERROR Não foi possível clicar em criar nova aula.
09-Aug-2020 14:58:27 ERROR Não foi possível inserir título da aula: 3EM_GMT Aula 10-08-2020.
09-Aug-2020 15:00:19 INFO Acesso à página efetuado!
09-Aug-2020 15:00:20 INFO Login efetuado com sucesso.
09-Aug-2020 15:00:28 INFO Página de aula digital acessada.
09-Aug-2020 15:00:43 INFO Perfil de professor selecionado.
09-Aug-2020 15:00:58 INFO Inserindo registro 1 ...
09-Aug-2020 15:01:01 INFO Selecionou a série 2ª Série EM.
09-Aug-2020 15:01:07 INFO Selecinou a disciplina 2º MÉDIO 2020-Matemática.
09-Aug-2020 15:01:11 INFO Clicou em criar nova aula.
09-Aug-2020 15:01:14 INFO Inseriu título da aula: 3EM_GMT Aula 10-08-2020.
09-Aug-2020 15:01:17 INFO Inseriu a data 10/08/2020.
09-Aug-2020 15:01:19 INFO Inseriu o horário 11:00.
09-Aug-2020 15:01:21 INFO Aula adicionada com sucesso!
09-Aug-2020 15:01:51 INFO Inserindo registro 2 ...
09-Aug-2020 15:01:54 INFO Selecionou a série 7º Ano EF.
09-Aug-2020 15:02:00 INFO Selecinou a disciplina 7º ANO 2020-Desenho Geométrico.
09-Aug-2020 15:02:04 INFO Clicou em criar nova aula.
09-Aug-2020 15:02:08 INFO Inseriu título da aula: 7EF_DG Aula 11-08-2020.
09-Aug-2020 15:02:10 INFO Inseriu a data 11/08/2020.
09-Aug-2020 15:02:12 INFO Inseriu o horário 09:00.
09-Aug-2020 15:02:15 INFO Aula adicionada com sucesso!
09-Aug-2020 15:02:45 INFO Inserindo registro 3 ...
09-Aug-2020 15:02:48 INFO Selecionou a série 8º Ano EF.
09-Aug-2020 15:02:54 INFO Selecinou a disciplina 8º ANO 2020-Desenho Geométrico.
09-Aug-2020 15:02:58 INFO Clicou em criar nova aula.
09-Aug-2020 15:03:01 INFO Inseriu título da aula: 8EF_DG Aula 11-08-2020.
09-Aug-2020 15:03:04 INFO Inseriu a data 11/08/2020.
09-Aug-2020 15:03:06 INFO Inseriu o horário 10:00.
09-Aug-2020 15:03:08 INFO Aula adicionada com sucesso!
09-Aug-2020 15:03:38 INFO Inserindo registro 4 ...
09-Aug-2020 15:03:41 INFO Selecionou a série 3ª Série EM.
09-Aug-2020 15:03:47 INFO Selecinou a disciplina 3º MÉDIO 2020-Física.
09-Aug-2020 15:03:51 INFO Clicou em criar nova aula.
09-Aug-2020 15:03:54 INFO Inseriu título da aula: 3EM_FIS Aula 11-08-2020.
09-Aug-2020 15:03:57 INFO Inseriu a data 11/08/2020.
09-Aug-2020 15:03:59 INFO Inseriu o horário 11:00.
09-Aug-2020 15:04:02 INFO Aula adicionada com sucesso!
09-Aug-2020 15:04:32 INFO Inserindo registro 5 ...
09-Aug-2020 15:04:35 INFO Selecionou a série 1ª Série EM.
09-Aug-2020 15:04:41 INFO Selecinou a disciplina 1º MÉDIO 2020-Física.
09-Aug-2020 15:04:44 INFO Clicou em criar nova aula.
09-Aug-2020 15:04:48 INFO Inseriu título da aula: 1EM_FIS Aula 11-08-2020.
09-Aug-2020 15:04:51 INFO Inseriu a data 11/08/2020.
09-Aug-2020 15:04:53 INFO Inseriu o horário 12:00.
09-Aug-2020 15:04:55 INFO Aula adicionada com sucesso!
09-Aug-2020 15:05:25 INFO Inserindo registro 6 ...
09-Aug-2020 15:05:28 INFO Selecionou a série 6º Ano EF.
09-Aug-2020 15:05:34 INFO Selecinou a disciplina 6º ANO A-Desenho Geométrico.
09-Aug-2020 15:05:38 INFO Clicou em criar nova aula.
09-Aug-2020 15:05:42 INFO Inseriu título da aula: 6A_DG Aula 12-08-2020.
09-Aug-2020 15:05:44 INFO Inseriu a data 12/08/2020.
09-Aug-2020 15:05:46 INFO Inseriu o horário 09:00.
09-Aug-2020 15:05:49 INFO Aula adicionada com sucesso!
09-Aug-2020 15:06:19 INFO Inserindo registro 7 ...
09-Aug-2020 15:06:22 INFO Selecionou a série 6º Ano EF.
09-Aug-2020 15:06:28 INFO Selecinou a disciplina 6º ANO B-Desenho Geométrico.
09-Aug-2020 15:06:32 INFO Clicou em criar nova aula.
09-Aug-2020 15:06:35 INFO Inseriu título da aula: 6B_DG Aula 12-08-2020.
09-Aug-2020 15:06:38 INFO Inseriu a data 12/08/2020.
09-Aug-2020 15:06:40 INFO Inseriu o horário 10:00.
09-Aug-2020 15:06:43 INFO Aula adicionada com sucesso!
09-Aug-2020 15:07:13 INFO Inserindo registro 8 ...
09-Aug-2020 15:07:16 INFO Selecionou a série 2ª Série EM.
09-Aug-2020 15:07:22 INFO Selecinou a disciplina 2º MÉDIO 2020-Física.
09-Aug-2020 15:07:26 INFO Clicou em criar nova aula.
09-Aug-2020 15:07:30 INFO Inseriu título da aula: 2EM_FIS Aula 12-08-2020.
09-Aug-2020 15:07:32 INFO Inseriu a data 12/08/2020.
09-Aug-2020 15:07:34 INFO Inseriu o horário 11:00.
09-Aug-2020 15:07:37 INFO Aula adicionada com sucesso!
09-Aug-2020 15:08:07 INFO Inserindo registro 9 ...
09-Aug-2020 15:08:10 INFO Selecionou a série 9º Ano EF.
09-Aug-2020 15:08:16 INFO Selecinou a disciplina 9º ANO 2020-Desenho Geométrico.
09-Aug-2020 15:08:19 INFO Clicou em criar nova aula.
09-Aug-2020 15:08:23 INFO Inseriu título da aula: 9EF_DG Aula 12-08-2020.
09-Aug-2020 15:08:26 INFO Inseriu a data 12/08/2020.
09-Aug-2020 15:08:29 INFO Inseriu o horário 12:00.
09-Aug-2020 15:08:31 INFO Aula adicionada com sucesso!
09-Aug-2020 15:09:01 INFO Inserindo registro 10 ...
09-Aug-2020 15:09:04 INFO Selecionou a série 3ª Série EM.
09-Aug-2020 15:09:10 INFO Selecinou a disciplina 3º MÉDIO 2020-Física.
09-Aug-2020 15:09:14 INFO Clicou em criar nova aula.
09-Aug-2020 15:09:18 INFO Inseriu título da aula: 3EM_FIS Aula 13-08-2020.
09-Aug-2020 15:09:21 INFO Inseriu a data 13/08/2020.
09-Aug-2020 15:09:23 INFO Inseriu o horário 09:00.
09-Aug-2020 15:09:26 INFO Aula adicionada com sucesso!
09-Aug-2020 15:09:56 INFO Inserindo registro 11 ...
09-Aug-2020 15:09:59 INFO Selecionou a série 1ª Série EM.
09-Aug-2020 15:10:05 INFO Selecinou a disciplina 1º MÉDIO 2020-Física.
09-Aug-2020 15:10:09 INFO Clicou em criar nova aula.
09-Aug-2020 15:10:12 INFO Inseriu título da aula: 1EM_FIS Aula 13-08-2020.
09-Aug-2020 15:10:15 INFO Inseriu a data 13/08/2020.
09-Aug-2020 15:10:17 INFO Inseriu o horário 10:00.
09-Aug-2020 15:10:20 INFO Aula adicionada com sucesso!
09-Aug-2020 15:10:50 INFO Inserindo registro 12 ...
09-Aug-2020 15:10:53 INFO Selecionou a série 8º Ano EF.
09-Aug-2020 15:10:59 INFO Selecinou a disciplina 8º ANO 2020-Física.
09-Aug-2020 15:11:03 INFO Clicou em criar nova aula.
09-Aug-2020 15:11:07 INFO Inseriu título da aula: 8EF_FIS Aula 14-08-2020.
09-Aug-2020 15:11:09 INFO Inseriu a data 14/08/2020.
09-Aug-2020 15:11:12 INFO Inseriu o horário 09:00.
09-Aug-2020 15:11:14 INFO Aula adicionada com sucesso!
09-Aug-2020 15:11:44 INFO Inserindo registro 13 ...
09-Aug-2020 15:11:47 INFO Selecionou a série 2ª Série EM.
09-Aug-2020 15:11:53 INFO Selecinou a disciplina 2º MÉDIO 2020-Física.
09-Aug-2020 15:11:57 INFO Clicou em criar nova aula.
09-Aug-2020 15:12:01 INFO Inseriu título da aula: 2EM_FIS Aula 14-08-2020.
09-Aug-2020 15:12:04 INFO Inseriu a data 14/08/2020.
09-Aug-2020 15:12:06 INFO Inseriu o horário 10:00.
09-Aug-2020 15:12:09 INFO Aula adicionada com sucesso!
09-Aug-2020 15:12:39 INFO Inserindo registro 14 ...
09-Aug-2020 15:12:42 INFO Selecionou a série 9º Ano EF.
09-Aug-2020 15:12:48 INFO Selecinou a disciplina 9º ANO 2020-Física.
09-Aug-2020 15:12:52 INFO Clicou em criar nova aula.
09-Aug-2020 15:12:56 INFO Inseriu título da aula: 9EF_FIS Aula 14-08-2020.
09-Aug-2020 15:12:59 INFO Inseriu a data 14/08/2020.
09-Aug-2020 15:13:01 INFO Inseriu o horário 11:00.
09-Aug-2020 15:13:04 INFO Aula adicionada com sucesso!
09-Aug-2020 15:13:34 INFO PROCESSO FINALIZADO!
========================================
