21-Aug-2020 17:30:31 INFO ACESSO À PÁGINA EFETUADO POR pedro.bittencourt!
21-Aug-2020 17:30:33 INFO Logou com sucesso!
21-Aug-2020 17:30:34 INFO Página com diários de classe acessada.
21-Aug-2020 17:30:34 INFO Elementos da página capturados com sucesso.
21-Aug-2020 17:30:34 INFO Instalação dos diários de classe concluída!
21-Aug-2020 17:30:34 INFO Página de ocorrências acessada.
21-Aug-2020 17:30:34 INFO Elementos da página capturados com sucesso.
21-Aug-2020 17:30:34 INFO Instalação dos diários de classe concluída!
21-Aug-2020 17:38:21 INFO ACESSO À PÁGINA EFETUADO POR pedro.bittencourt!
21-Aug-2020 17:38:24 INFO Logou com sucesso!
21-Aug-2020 17:38:25 INFO Página com diários de classe acessada.
21-Aug-2020 17:38:25 INFO Elementos da página capturados com sucesso.
21-Aug-2020 17:38:25 INFO Instalação dos diários de classe concluída!
21-Aug-2020 17:38:26 INFO Página de ocorrências acessada.
21-Aug-2020 17:38:26 INFO Turmas capturadas com sucesso.
21-Aug-2020 17:38:26 INFO Disciplinas capturadas com sucesso.
21-Aug-2020 17:38:26 INFO Instalação dos diários de classe concluída!
21-Aug-2020 17:39:40 INFO ACESSO À PÁGINA EFETUADO POR pedro.bittencourt!
21-Aug-2020 17:39:43 INFO Logou com sucesso!
21-Aug-2020 17:39:44 INFO Página com diários de classe acessada.
21-Aug-2020 17:39:44 INFO Elementos da página capturados com sucesso.
21-Aug-2020 17:39:44 INFO Instalação dos diários de classe concluída!
21-Aug-2020 17:39:44 INFO Página de ocorrências acessada.
21-Aug-2020 17:39:44 INFO Turmas capturadas com sucesso.
21-Aug-2020 17:39:44 INFO Disciplinas capturadas com sucesso.
21-Aug-2020 17:39:44 INFO Instalação dos diários de classe concluída!
22-Aug-2020 09:07:09 INFO ACESSO À PÁGINA EFETUADO POR pedro.bittencourt!
22-Aug-2020 09:07:12 INFO Logou com sucesso!
22-Aug-2020 09:07:12 INFO Página com diários de classe acessada.
22-Aug-2020 09:07:12 INFO Elementos da página capturados com sucesso.
22-Aug-2020 09:09:33 INFO ACESSO À PÁGINA EFETUADO POR pedro.bittencourt!
22-Aug-2020 09:09:35 INFO Logou com sucesso!
22-Aug-2020 09:09:36 INFO Página com diários de classe acessada.
22-Aug-2020 09:09:36 INFO Elementos da página capturados com sucesso.
22-Aug-2020 09:10:36 INFO ACESSO À PÁGINA EFETUADO POR pedro.bittencourt!
22-Aug-2020 09:10:38 INFO Logou com sucesso!
22-Aug-2020 09:10:39 INFO Página com diários de classe acessada.
22-Aug-2020 09:10:39 INFO Elementos da página capturados com sucesso.
22-Aug-2020 09:12:14 INFO ACESSO À PÁGINA EFETUADO POR pedro.bittencourt!
22-Aug-2020 09:12:17 INFO Logou com sucesso!
22-Aug-2020 09:12:17 INFO Página com diários de classe acessada.
22-Aug-2020 09:12:17 INFO Elementos da página capturados com sucesso.
22-Aug-2020 09:14:34 INFO ACESSO À PÁGINA EFETUADO POR pedro.bittencourt!
22-Aug-2020 09:14:36 INFO Logou com sucesso!
22-Aug-2020 09:14:36 INFO Página com diários de classe acessada.
22-Aug-2020 09:14:37 INFO Elementos da página capturados com sucesso.
22-Aug-2020 09:36:17 INFO ACESSO À PÁGINA EFETUADO POR pedro.bittencourt!
22-Aug-2020 09:36:19 INFO Logou com sucesso!
22-Aug-2020 09:36:20 INFO Página com diários de classe acessada.
22-Aug-2020 09:36:20 INFO Elementos da página capturados com sucesso.
22-Aug-2020 09:36:20 INFO Instalação dos diários de classe concluída!
22-Aug-2020 09:36:20 INFO Instalação das disciplinas concluída!
22-Aug-2020 09:36:21 INFO Página de ocorrências acessada.
22-Aug-2020 09:36:21 INFO Elementos da página capturados com sucesso.
22-Aug-2020 09:36:21 INFO Instalação das turmas concluída!
22-Aug-2020 09:51:25 INFO ACESSO À PÁGINA EFETUADO POR pedro.bittencourt!
22-Aug-2020 09:51:28 INFO Logou com sucesso!
22-Aug-2020 09:51:28 INFO Página com diários de classe acessada.
22-Aug-2020 09:51:28 INFO Elementos da página capturados com sucesso.
22-Aug-2020 09:51:28 INFO Instalação dos diários de classe concluída!
22-Aug-2020 09:51:28 INFO Instalação das disciplinas concluída!
22-Aug-2020 09:51:29 INFO Página de ocorrências acessada.
22-Aug-2020 09:51:29 INFO Elementos da página capturados com sucesso.
22-Aug-2020 09:51:29 INFO Instalação das turmas concluída!
22-Aug-2020 09:51:29 INFO Instalação das ocorrências concluída!
22-Aug-2020 14:07:15 INFO ACESSO À PÁGINA EFETUADO POR pedro.bittencourt!
22-Aug-2020 14:07:17 INFO Logou com sucesso!
22-Aug-2020 14:07:18 INFO Página com diários de classe acessada.
22-Aug-2020 14:07:18 INFO Elementos da página capturados com sucesso.
22-Aug-2020 14:07:18 INFO Instalação dos diários de classe concluída!
22-Aug-2020 14:07:18 INFO Instalação das disciplinas concluída!
22-Aug-2020 14:07:18 INFO Página de ocorrências acessada.
22-Aug-2020 14:07:18 INFO Elementos da página capturados com sucesso.
22-Aug-2020 14:07:18 INFO Instalação das turmas concluída!
22-Aug-2020 14:07:18 INFO Instalação das ocorrências concluída!
22-Aug-2020 14:11:37 INFO ACESSO À PÁGINA EFETUADO POR pedro.bittencourt!
22-Aug-2020 14:11:40 INFO Logou com sucesso!
22-Aug-2020 14:11:40 INFO Página com diários de classe acessada.
22-Aug-2020 14:11:40 INFO Objeto seldivisions_teachers_subjects localizado com sucesso.
22-Aug-2020 14:11:40 INFO Instalação dos diários de classe concluída!
22-Aug-2020 14:11:40 INFO Instalação das disciplinas concluída!
22-Aug-2020 14:11:41 INFO Página de ocorrências acessada.
22-Aug-2020 14:11:41 INFO objeto selDivisions localizado com sucesso.
22-Aug-2020 14:11:41 INFO objeto selOccurrences_codes localizado com sucesso.
22-Aug-2020 14:11:41 INFO Instalação das turmas concluída!
22-Aug-2020 14:11:41 INFO Instalação das ocorrências concluída!
