05-Sep-2020 11:31:03 INFO ACESSO À PÁGINA EFETUADO POR pedro.bittencourt!
05-Sep-2020 11:31:40 INFO ACESSO À PÁGINA EFETUADO POR pedro.bittencourt!
05-Sep-2020 11:31:42 INFO Inserindo registro 1 ...
05-Sep-2020 11:31:42 INFO Inseriu data 04/09/2020.
05-Sep-2020 11:31:44 INFO Inseriu turma Oitavo Ano / 1M8A / Manhã.
05-Sep-2020 11:31:45 INFO Inseriu disciplina Física / Pedro Pompermayer Bittencourt.
05-Sep-2020 11:32:45 INFO ACESSO À PÁGINA EFETUADO POR pedro.bittencourt!
05-Sep-2020 11:32:46 INFO Inserindo registro 1 ...
05-Sep-2020 11:32:47 INFO Inseriu data 04/09/2020.
05-Sep-2020 11:32:48 INFO Inseriu turma Oitavo Ano / 1M8A / Manhã.
05-Sep-2020 11:32:49 INFO Inseriu disciplina Física / Pedro Pompermayer Bittencourt.
05-Sep-2020 11:32:51 INFO Inseriu estudante 5 Gabriel Toffoletto Papaiz.
05-Sep-2020 11:32:52 INFO Inseriu ocorrência: Não fez atividades em classe.
05-Sep-2020 11:32:55 INFO Inseriu descrição: Não entregou a atividade 1, p. 315, e o teste 1, p. 321, feitos durante aula síncrona de 28/agosto, com vencimento em 4/setembro. Aceita-se a data de 10/setembro como prazo para 2ª entrega..
05-Sep-2020 11:32:57 INFO Ocorrência adicionada!
05-Sep-2020 11:32:59 INFO Inserindo registro 2 ...
05-Sep-2020 11:32:59 INFO Inseriu data 04/09/2020.
05-Sep-2020 11:33:01 INFO Inseriu turma Oitavo Ano / 1M8A / Manhã.
05-Sep-2020 11:33:02 INFO Inseriu disciplina Física / Pedro Pompermayer Bittencourt.
05-Sep-2020 11:33:03 INFO Inseriu estudante 5 Gabriel Toffoletto Papaiz.
05-Sep-2020 11:33:05 INFO Inseriu ocorrência: Não apresentou a lição de casa.
05-Sep-2020 11:33:07 INFO Inseriu descrição: Não entregou as atividades Em Casa 1 e 2, p. 323, com vencimento em 4/setembro. Aceita-se a data de 10/setembro como prazo para 2ª entrega..
05-Sep-2020 11:33:08 INFO Ocorrência adicionada!
05-Sep-2020 11:33:10 INFO Inserindo registro 3 ...
05-Sep-2020 11:33:11 INFO Inseriu data 04/09/2020.
05-Sep-2020 11:33:12 INFO Inseriu turma Segunda Série / 2M2A / Manhã.
05-Sep-2020 11:33:13 INFO Inseriu disciplina Física / Pedro Pompermayer Bittencourt.
05-Sep-2020 11:33:15 INFO Inseriu estudante 5 Hugo Henrique Lavander Heger.
05-Sep-2020 11:33:16 INFO Inseriu ocorrência: Não fez atividades em classe.
05-Sep-2020 11:33:19 INFO Inseriu descrição: Não entregou a atividade de campo elétrico uniforme, feita durante aula síncrona de 28/agosto, com vencimento em 4/setembro. Aceita-se a data de 10/setembro como prazo para 2ª entrega..
05-Sep-2020 11:33:20 INFO Ocorrência adicionada!
05-Sep-2020 11:33:22 INFO Inserindo registro 4 ...
05-Sep-2020 11:33:22 INFO Inseriu data 04/09/2020.
05-Sep-2020 11:33:24 INFO Inseriu turma Segunda Série / 2M2A / Manhã.
05-Sep-2020 11:33:25 INFO Inseriu disciplina Física / Pedro Pompermayer Bittencourt.
05-Sep-2020 11:33:26 INFO Inseriu estudante 14 Ricardo Luís de Oliveira Cheschini.
05-Sep-2020 11:33:28 INFO Inseriu ocorrência: Não fez atividades em classe.
05-Sep-2020 11:33:31 INFO Inseriu descrição: Não entregou a atividade de campo elétrico uniforme, feita durante aula síncrona de 28/agosto, com vencimento em 4/setembro. Aceita-se a data de 10/setembro como prazo para 2ª entrega..
05-Sep-2020 11:33:32 INFO Ocorrência adicionada!
05-Sep-2020 11:33:33 INFO PROCESSO FINALIZADO!
========================================
05-Sep-2020 11:35:01 ERROR Não foi possível efetuar o login. Você inseriu as credenciais corretas?
05-Sep-2020 12:02:05 INFO Preenchendo diário 1 ...
05-Sep-2020 12:02:06 INFO Acessou diário da turma 8AFIS, mês 9.
05-Sep-2020 12:02:07 INFO Uma nova data será inserida na coluna 2.
05-Sep-2020 12:02:08 INFO Inserido dia 4 no diário.
05-Sep-2020 12:02:09 INFO Marcando presença para os estudantes.
05-Sep-2020 12:02:11 INFO Preenchimento do diário efetuado com sucesso!
05-Sep-2020 12:02:12 INFO Preenchendo diário 2 ...
05-Sep-2020 12:02:12 INFO Acessou diário da turma 9AFIS, mês 9.
05-Sep-2020 12:02:13 INFO Uma nova data será inserida na coluna 2.
05-Sep-2020 12:02:13 INFO Inserido dia 4 no diário.
05-Sep-2020 12:02:14 INFO Marcando presença para os estudantes.
05-Sep-2020 12:02:17 INFO Preenchimento do diário efetuado com sucesso!
05-Sep-2020 12:02:18 INFO Preenchendo diário 3 ...
05-Sep-2020 12:02:18 INFO Acessou diário da turma 2AFIS, mês 9.
05-Sep-2020 12:02:19 INFO Uma nova data será inserida na coluna 3.
05-Sep-2020 12:02:19 INFO Inserido dia 4 no diário.
05-Sep-2020 12:02:20 INFO Marcando presença para os estudantes.
05-Sep-2020 12:02:21 INFO Temos 1 ausência(s) nesta data:
05-Sep-2020 12:02:22 INFO Inserida ausência para estudante num 6.
05-Sep-2020 12:02:23 INFO Preenchimento do diário efetuado com sucesso!
05-Sep-2020 12:02:24 INFO Inserindo 1a ausência de 1 no diário 2AFIS ...
05-Sep-2020 12:02:26 INFO Inseriu data 04/09/2020.
05-Sep-2020 12:02:27 INFO Inseriu turma Segunda Série / 2M2A / Manhã.
05-Sep-2020 12:02:28 INFO Inseriu disciplina Física / Pedro Pompermayer Bittencourt.
05-Sep-2020 12:02:29 INFO Inseriu estudante 6 Hyann De Bretas Mello.
05-Sep-2020 12:02:31 INFO Inseriu ocorrência: ausente na aula síncrona (P).
05-Sep-2020 12:02:32 INFO Ausência adicionada!
05-Sep-2020 12:02:32 INFO PROCESSO FINALIZADO!
========================================
05-Sep-2020 12:02:44 ERROR Não foi possível efetuar o login. Você inseriu as credenciais corretas?
