20-Aug-2020 11:27:15 INFO ACESSO À PÁGINA EFETUADO!
20-Aug-2020 11:27:19 INFO Logou com sucesso!
20-Aug-2020 11:27:19 INFO Preenchendo diário 1 ...
20-Aug-2020 11:27:20 INFO Acessou diário da turma 1AGMT, mês 8.
20-Aug-2020 11:27:21 INFO Uma nova data será inserida na coluna 3.
20-Aug-2020 11:27:21 INFO Inserido dia 17 no diário.
20-Aug-2020 11:27:22 INFO Marcando presença para os estudantes.
20-Aug-2020 11:27:25 INFO Preenchimento do diário efetuado com sucesso!
20-Aug-2020 11:27:26 INFO Preenchendo diário 2 ...
20-Aug-2020 11:27:26 INFO Acessou diário da turma 2AGMT, mês 8.
20-Aug-2020 11:27:27 INFO Uma nova data será inserida na coluna 3.
20-Aug-2020 11:27:27 INFO Inserido dia 17 no diário.
20-Aug-2020 11:27:29 INFO Marcando presença para os estudantes.
20-Aug-2020 11:27:31 INFO Preenchimento do diário efetuado com sucesso!
20-Aug-2020 11:27:32 INFO Preenchendo diário 3 ...
20-Aug-2020 11:27:33 INFO Acessou diário da turma 3AGMT, mês 8.
20-Aug-2020 11:27:34 INFO Uma nova data será inserida na coluna 3.
20-Aug-2020 11:27:34 INFO Inserido dia 17 no diário.
20-Aug-2020 11:27:35 INFO Marcando presença para os estudantes.
20-Aug-2020 11:27:38 INFO Preenchimento do diário efetuado com sucesso!
20-Aug-2020 11:27:39 INFO Preenchendo diário 4 ...
20-Aug-2020 11:27:39 INFO Acessou diário da turma 7ADG, mês 8.
20-Aug-2020 11:27:40 INFO Uma nova data será inserida na coluna 3.
20-Aug-2020 11:27:40 INFO Inserido dia 18 no diário.
20-Aug-2020 11:27:42 INFO Marcando presença para os estudantes.
20-Aug-2020 11:27:44 INFO Preenchimento do diário efetuado com sucesso!
20-Aug-2020 11:27:45 INFO Preenchendo diário 5 ...
20-Aug-2020 11:27:46 INFO Acessou diário da turma 8ADG, mês 8.
20-Aug-2020 11:27:47 INFO Uma nova data será inserida na coluna 3.
20-Aug-2020 11:27:47 INFO Inserido dia 18 no diário.
20-Aug-2020 11:27:48 INFO Marcando presença para os estudantes.
20-Aug-2020 11:27:51 INFO Preenchimento do diário efetuado com sucesso!
20-Aug-2020 11:27:52 INFO Preenchendo diário 6 ...
20-Aug-2020 11:27:52 INFO Acessou diário da turma 1AFIS, mês 8.
20-Aug-2020 11:27:53 INFO Uma nova data será inserida na coluna 4.
20-Aug-2020 11:27:54 INFO Inserido dia 18 no diário.
20-Aug-2020 11:27:55 INFO Marcando presença para os estudantes.
20-Aug-2020 11:27:56 INFO Temos 1 ausência(s) nesta data:
20-Aug-2020 11:27:56 INFO Inserida ausência para estudante num 9.
20-Aug-2020 11:27:58 INFO Preenchimento do diário efetuado com sucesso!
20-Aug-2020 11:27:59 INFO Inserindo 1a ausência de 1 no diário 1AFIS ...
20-Aug-2020 11:28:00 INFO Inseriu data 18/08/2020.
20-Aug-2020 11:28:02 INFO Inseriu turma Primeira Série / 2M1A / Manhã.
20-Aug-2020 11:28:03 INFO Inseriu disciplina Física / Pedro Pompermayer Bittencourt.
20-Aug-2020 11:28:04 INFO Inseriu estudante 9 Rayane Lucena de Carvalho.
20-Aug-2020 11:28:06 INFO Inseriu ocorrência: ausente na aula síncrona (P).
20-Aug-2020 11:28:07 INFO Ausência adicionada!
20-Aug-2020 11:28:08 INFO Preenchendo diário 7 ...
20-Aug-2020 11:28:09 INFO Acessou diário da turma 3AFIS, mês 8.
20-Aug-2020 11:28:10 INFO Uma nova data será inserida na coluna 4.
20-Aug-2020 11:28:11 INFO Inserido dia 18 no diário.
20-Aug-2020 11:28:12 INFO Marcando presença para os estudantes.
20-Aug-2020 11:28:13 INFO Temos 1 ausência(s) nesta data:
20-Aug-2020 11:28:13 INFO Inserida ausência para estudante num 8.
20-Aug-2020 11:28:14 INFO Preenchimento do diário efetuado com sucesso!
20-Aug-2020 11:28:16 INFO Inserindo 1a ausência de 1 no diário 3AFIS ...
20-Aug-2020 11:28:17 INFO Inseriu data 18/08/2020.
20-Aug-2020 11:28:19 INFO Inseriu turma Terceira Série / 2M3A / Manhã.
20-Aug-2020 11:28:20 INFO Inseriu disciplina Física / Pedro Pompermayer Bittencourt.
20-Aug-2020 11:28:21 INFO Inseriu estudante 8 Gabriel Elias Louzada Gonçalves.
20-Aug-2020 11:28:22 INFO Inseriu ocorrência: ausente na aula síncrona (P).
20-Aug-2020 11:28:24 INFO Ausência adicionada!
20-Aug-2020 11:28:25 INFO Preenchendo diário 8 ...
20-Aug-2020 11:28:26 INFO Acessou diário da turma 6ADG, mês 8.
20-Aug-2020 11:28:27 INFO Uma nova data será inserida na coluna 3.
20-Aug-2020 11:28:27 INFO Inserido dia 19 no diário.
20-Aug-2020 11:28:28 INFO Marcando presença para os estudantes.
20-Aug-2020 11:28:31 INFO Preenchimento do diário efetuado com sucesso!
20-Aug-2020 11:28:32 INFO Preenchendo diário 9 ...
20-Aug-2020 11:28:33 INFO Acessou diário da turma 6BDG, mês 8.
20-Aug-2020 11:28:34 INFO Uma nova data será inserida na coluna 3.
20-Aug-2020 11:28:34 INFO Inserido dia 19 no diário.
20-Aug-2020 11:28:35 INFO Marcando presença para os estudantes.
20-Aug-2020 11:28:38 INFO Preenchimento do diário efetuado com sucesso!
20-Aug-2020 11:28:39 INFO Preenchendo diário 10 ...
20-Aug-2020 11:28:39 INFO Acessou diário da turma 9ADG, mês 8.
20-Aug-2020 11:28:40 INFO Uma nova data será inserida na coluna 3.
20-Aug-2020 11:28:41 INFO Inserido dia 19 no diário.
20-Aug-2020 11:28:42 INFO Marcando presença para os estudantes.
20-Aug-2020 11:28:44 INFO Preenchimento do diário efetuado com sucesso!
20-Aug-2020 11:28:45 INFO Preenchendo diário 11 ...
20-Aug-2020 11:28:46 INFO Acessou diário da turma 2AFIS, mês 8.
20-Aug-2020 11:28:47 INFO Uma nova data será inserida na coluna 4.
20-Aug-2020 11:28:47 INFO Inserido dia 19 no diário.
20-Aug-2020 11:28:48 INFO Marcando presença para os estudantes.
20-Aug-2020 11:28:51 INFO Preenchimento do diário efetuado com sucesso!
20-Aug-2020 11:28:52 INFO Preenchendo diário 12 ...
20-Aug-2020 11:28:52 INFO Acessou diário da turma 1AFIS, mês 8.
20-Aug-2020 11:28:54 INFO Uma nova data será inserida na coluna 5.
20-Aug-2020 11:28:54 INFO Inserido dia 20 no diário.
20-Aug-2020 11:28:55 INFO Marcando presença para os estudantes.
20-Aug-2020 11:28:56 INFO Temos 1 ausência(s) nesta data:
20-Aug-2020 11:28:56 INFO Inserida ausência para estudante num 9.
20-Aug-2020 11:28:58 INFO Preenchimento do diário efetuado com sucesso!
20-Aug-2020 11:28:59 INFO Inserindo 1a ausência de 1 no diário 1AFIS ...
20-Aug-2020 11:29:01 INFO Inseriu data 20/08/2020.
20-Aug-2020 11:29:02 INFO Inseriu turma Primeira Série / 2M1A / Manhã.
20-Aug-2020 11:29:03 INFO Inseriu disciplina Física / Pedro Pompermayer Bittencourt.
20-Aug-2020 11:29:05 INFO Inseriu estudante 9 Rayane Lucena de Carvalho.
20-Aug-2020 11:29:06 INFO Inseriu ocorrência: ausente na aula síncrona (P).
20-Aug-2020 11:29:08 INFO Ausência adicionada!
20-Aug-2020 11:29:09 INFO Preenchendo diário 13 ...
20-Aug-2020 11:29:10 INFO Acessou diário da turma 3AFIS, mês 8.
20-Aug-2020 11:29:12 INFO Uma nova data será inserida na coluna 5.
20-Aug-2020 11:29:12 INFO Inserido dia 20 no diário.
20-Aug-2020 11:29:13 INFO Marcando presença para os estudantes.
20-Aug-2020 11:29:14 INFO Temos 1 ausência(s) nesta data:
20-Aug-2020 11:29:14 INFO Inserida ausência para estudante num 8.
20-Aug-2020 11:29:16 INFO Preenchimento do diário efetuado com sucesso!
20-Aug-2020 11:29:17 INFO Inserindo 1a ausência de 1 no diário 3AFIS ...
20-Aug-2020 11:29:18 INFO Inseriu data 20/08/2020.
20-Aug-2020 11:29:20 INFO Inseriu turma Terceira Série / 2M3A / Manhã.
20-Aug-2020 11:29:21 INFO Inseriu disciplina Física / Pedro Pompermayer Bittencourt.
20-Aug-2020 11:29:22 INFO Inseriu estudante 8 Gabriel Elias Louzada Gonçalves.
20-Aug-2020 11:29:24 INFO Inseriu ocorrência: ausente na aula síncrona (P).
20-Aug-2020 11:29:25 INFO Ausência adicionada!
20-Aug-2020 11:29:26 INFO PROCESSO FINALIZADO!
========================================
20-Aug-2020 14:31:20 INFO ACESSO À PÁGINA EFETUADO POR pedro.bittencourt!
20-Aug-2020 14:31:23 INFO Logou com sucesso!
20-Aug-2020 14:31:23 INFO Preenchendo diário 1 ...
20-Aug-2020 14:31:24 INFO Acessou diário da turma 1AGMT, mês 8.
20-Aug-2020 14:31:25 INFO Uma nova data será inserida na coluna 4.
20-Aug-2020 14:31:25 INFO Inserido dia 17 no diário.
20-Aug-2020 14:31:26 INFO Marcando presença para os estudantes.
20-Aug-2020 14:31:39 INFO ACESSO À PÁGINA EFETUADO POR ped!
20-Aug-2020 14:31:41 ERROR Não foi possível logar no sistema. Você digitou as credenciais corretas?
20-Aug-2020 14:34:04 INFO ACESSO À PÁGINA EFETUADO POR pedro.bittencourt!
20-Aug-2020 14:34:07 INFO Logou com sucesso!
20-Aug-2020 14:34:07 INFO Preenchendo diário 1 ...
20-Aug-2020 14:34:08 INFO Acessou diário da turma 1AGMT, mês 8.
20-Aug-2020 14:34:09 INFO Uma nova data será inserida na coluna 4.
20-Aug-2020 14:34:09 INFO Inserido dia 17 no diário.
20-Aug-2020 14:34:10 INFO Marcando presença para os estudantes.
20-Aug-2020 14:35:13 INFO ACESSO À PÁGINA EFETUADO POR pedro.bittencourt!
20-Aug-2020 14:35:16 INFO Logou com sucesso!
20-Aug-2020 14:35:16 INFO Preenchendo diário 1 ...
20-Aug-2020 14:35:16 ERROR Não foi possível acessar diário da turma 1AGMT, mês 8. Verifique o registro!
20-Aug-2020 14:53:18 INFO ACESSO À PÁGINA EFETUADO POR pedro.bittencourt!
20-Aug-2020 14:53:23 INFO Logou com sucesso!
20-Aug-2020 14:53:23 INFO Preenchendo diário 1 ...
20-Aug-2020 14:53:23 INFO Acessou diário da turma 1AGMT, mês 8.
20-Aug-2020 14:53:25 INFO Uma nova data será inserida na coluna 4.
20-Aug-2020 14:53:25 INFO Inserido dia 17 no diário.
20-Aug-2020 14:53:26 INFO Marcando presença para os estudantes.
20-Aug-2020 14:53:28 INFO Preenchimento do diário efetuado com sucesso!
20-Aug-2020 14:53:29 INFO Preenchendo diário 2 ...
20-Aug-2020 14:53:29 INFO Acessou diário da turma 2AGMT, mês 8.
20-Aug-2020 14:53:31 INFO Uma nova data será inserida na coluna 4.
20-Aug-2020 14:53:31 INFO Inserido dia 17 no diário.
20-Aug-2020 14:53:32 INFO Marcando presença para os estudantes.
20-Aug-2020 14:55:42 INFO ACESSO À PÁGINA EFETUADO POR pedro.bittencourt!
20-Aug-2020 14:55:45 INFO Logou com sucesso!
20-Aug-2020 14:55:45 INFO Preenchendo diário 1 ...
20-Aug-2020 14:55:46 INFO Acessou diário da turma 1AGMT, mês 8.
20-Aug-2020 14:55:47 INFO Uma nova data será inserida na coluna 4.
20-Aug-2020 14:55:48 ERROR Não foi possível inserir dia 17 no diário. Verifique o registro!
21-Aug-2020 11:58:30 INFO ACESSO À PÁGINA EFETUADO POR pedro.bittencourt!
21-Aug-2020 11:58:33 INFO Logou com sucesso!
21-Aug-2020 11:58:33 INFO Preenchendo diário 1 ...
21-Aug-2020 11:58:33 INFO Acessou diário da turma 8AFIS, mês 8.
21-Aug-2020 11:58:35 INFO Uma nova data será inserida na coluna 3.
21-Aug-2020 11:58:35 INFO Inserido dia 21 no diário.
21-Aug-2020 11:58:36 INFO Marcando presença para os estudantes.
21-Aug-2020 11:58:38 INFO Preenchimento do diário efetuado com sucesso!
21-Aug-2020 11:58:39 INFO Preenchendo diário 2 ...
21-Aug-2020 11:58:40 INFO Acessou diário da turma 9AFIS, mês 8.
21-Aug-2020 11:58:41 INFO Uma nova data será inserida na coluna 3.
21-Aug-2020 11:58:41 INFO Inserido dia 21 no diário.
21-Aug-2020 11:58:42 INFO Marcando presença para os estudantes.
21-Aug-2020 11:58:44 INFO Preenchimento do diário efetuado com sucesso!
21-Aug-2020 11:58:45 INFO Preenchendo diário 3 ...
21-Aug-2020 11:58:46 INFO Acessou diário da turma 2AFIS, mês 8.
21-Aug-2020 11:58:47 INFO Uma nova data será inserida na coluna 5.
21-Aug-2020 11:58:47 INFO Inserido dia 21 no diário.
21-Aug-2020 11:58:48 INFO Marcando presença para os estudantes.
21-Aug-2020 11:58:50 INFO Preenchimento do diário efetuado com sucesso!
21-Aug-2020 11:58:51 INFO PROCESSO FINALIZADO!
========================================
21-Aug-2020 12:03:37 INFO ACESSO À PÁGINA EFETUADO POR pedro.bittencourt!
21-Aug-2020 12:03:39 INFO Logou com sucesso!
21-Aug-2020 12:03:39 INFO Preenchendo diário 1 ...
21-Aug-2020 12:03:40 INFO Acessou diário da turma 8AFIS, mês 8.
21-Aug-2020 12:03:41 INFO Uma nova data será inserida na coluna 3.
21-Aug-2020 12:03:41 INFO Inserido dia 21 no diário.
21-Aug-2020 12:03:42 INFO Marcando presença para os estudantes.
21-Aug-2020 12:03:43 INFO Temos 1 ausência(s) nesta data:
21-Aug-2020 12:03:43 INFO Inserida ausência para estudante num 4.
21-Aug-2020 12:03:45 INFO Preenchimento do diário efetuado com sucesso!
21-Aug-2020 12:03:47 INFO Inserindo 1a ausência de 1 no diário 8AFIS ...
21-Aug-2020 12:03:48 INFO Inseriu data 21/08/2020.
21-Aug-2020 12:03:50 INFO Inseriu turma Oitavo Ano / 1M8A / Manhã.
21-Aug-2020 12:03:51 INFO Inseriu disciplina Física / Pedro Pompermayer Bittencourt.
21-Aug-2020 12:03:52 INFO Inseriu estudante 4 Enzo Fontes Sarmento.
21-Aug-2020 12:03:54 INFO Inseriu ocorrência: ausente na aula síncrona (P).
21-Aug-2020 12:03:55 INFO Ausência adicionada!
21-Aug-2020 12:03:56 INFO Preenchendo diário 2 ...
21-Aug-2020 12:03:57 INFO Acessou diário da turma 9AFIS, mês 8.
21-Aug-2020 12:03:58 INFO Uma nova data será inserida na coluna 3.
21-Aug-2020 12:03:58 INFO Inserido dia 21 no diário.
21-Aug-2020 12:03:59 INFO Marcando presença para os estudantes.
21-Aug-2020 12:04:02 INFO Preenchimento do diário efetuado com sucesso!
21-Aug-2020 12:04:03 INFO Preenchendo diário 3 ...
21-Aug-2020 12:04:03 INFO Acessou diário da turma 2AFIS, mês 8.
21-Aug-2020 12:04:05 INFO Uma nova data será inserida na coluna 5.
21-Aug-2020 12:04:05 INFO Inserido dia 21 no diário.
21-Aug-2020 12:04:06 INFO Marcando presença para os estudantes.
21-Aug-2020 12:04:09 INFO Preenchimento do diário efetuado com sucesso!
21-Aug-2020 12:04:10 INFO PROCESSO FINALIZADO!
========================================
24-Aug-2020 13:56:47 INFO ACESSO À PÁGINA EFETUADO POR pedro.bittencourt!
24-Aug-2020 13:56:49 INFO Logou com sucesso!
24-Aug-2020 13:56:49 INFO Preenchendo diário 1 ...
24-Aug-2020 13:56:50 INFO Acessou diário da turma 1AGMT, mês 8.
24-Aug-2020 13:56:51 INFO Uma nova data será inserida na coluna 4.
24-Aug-2020 13:56:51 INFO Inserido dia 24 no diário.
24-Aug-2020 13:56:52 INFO Marcando presença para os estudantes.
24-Aug-2020 13:56:53 INFO Temos 2 ausência(s) nesta data:
24-Aug-2020 13:56:54 INFO Inserida ausência para estudante num 8.
24-Aug-2020 13:56:54 INFO Inserida ausência para estudante num 9.
24-Aug-2020 13:56:55 INFO Preenchimento do diário efetuado com sucesso!
24-Aug-2020 13:56:57 INFO Inserindo 1a ausência de 2 no diário 1AGMT ...
24-Aug-2020 13:56:58 INFO Inseriu data 24/08/2020.
24-Aug-2020 13:57:00 INFO Inseriu turma Primeira Série / 2M1A / Manhã.
24-Aug-2020 13:57:01 INFO Inseriu disciplina Geometria / Pedro Pompermayer Bittencourt.
24-Aug-2020 13:57:02 INFO Inseriu estudante 8 Rafael Santos Mendes.
24-Aug-2020 13:57:04 INFO Inseriu ocorrência: ausente na aula síncrona (P).
24-Aug-2020 13:57:05 INFO Ausência adicionada!
24-Aug-2020 13:57:07 INFO Inserindo 2a ausência de 2 no diário 1AGMT ...
24-Aug-2020 13:57:08 INFO Inseriu data 24/08/2020.
24-Aug-2020 13:57:10 INFO Inseriu turma Primeira Série / 2M1A / Manhã.
24-Aug-2020 13:57:11 INFO Inseriu disciplina Geometria / Pedro Pompermayer Bittencourt.
24-Aug-2020 13:57:13 INFO Inseriu estudante 9 Rayane Lucena de Carvalho.
24-Aug-2020 13:57:14 INFO Inseriu ocorrência: ausente na aula síncrona (P).
24-Aug-2020 13:57:15 INFO Ausência adicionada!
24-Aug-2020 13:57:16 INFO Preenchendo diário 2 ...
24-Aug-2020 13:57:17 INFO Acessou diário da turma 2AGMT, mês 8.
24-Aug-2020 13:57:19 INFO Uma nova data será inserida na coluna 4.
24-Aug-2020 13:57:19 INFO Inserido dia 24 no diário.
24-Aug-2020 13:57:20 INFO Marcando presença para os estudantes.
24-Aug-2020 13:57:23 INFO Preenchimento do diário efetuado com sucesso!
24-Aug-2020 13:57:24 INFO Preenchendo diário 3 ...
24-Aug-2020 13:57:24 INFO Acessou diário da turma 3AGMT, mês 8.
24-Aug-2020 13:57:25 INFO Uma nova data será inserida na coluna 4.
24-Aug-2020 13:57:25 INFO Inserido dia 24 no diário.
24-Aug-2020 13:57:26 INFO Marcando presença para os estudantes.
24-Aug-2020 13:57:27 INFO Temos 1 ausência(s) nesta data:
24-Aug-2020 13:57:28 INFO Inserida ausência para estudante num 8.
24-Aug-2020 13:57:29 INFO Preenchimento do diário efetuado com sucesso!
24-Aug-2020 13:57:30 INFO Inserindo 1a ausência de 1 no diário 3AGMT ...
24-Aug-2020 13:57:32 INFO Inseriu data 24/08/2020.
24-Aug-2020 13:57:33 INFO Inseriu turma Terceira Série / 2M3A / Manhã.
24-Aug-2020 13:57:35 INFO Inseriu disciplina Geometria / Pedro Pompermayer Bittencourt.
24-Aug-2020 13:57:36 INFO Inseriu estudante 8 Gabriel Elias Louzada Gonçalves.
24-Aug-2020 13:57:37 INFO Inseriu ocorrência: ausente na aula síncrona (P).
24-Aug-2020 13:57:39 INFO Ausência adicionada!
24-Aug-2020 13:57:40 INFO PROCESSO FINALIZADO!
========================================
25-Aug-2020 12:52:59 INFO ACESSO À PÁGINA EFETUADO POR pedro.bittencourt!
25-Aug-2020 12:53:02 INFO Logou com sucesso!
25-Aug-2020 12:53:02 INFO Preenchendo diário 1 ...
25-Aug-2020 12:53:02 INFO Acessou diário da turma 1AFIS, mês 8.
25-Aug-2020 12:53:04 INFO Uma nova data será inserida na coluna 6.
25-Aug-2020 12:53:04 INFO Inserido dia 25 no diário.
25-Aug-2020 12:53:05 INFO Marcando presença para os estudantes.
25-Aug-2020 12:53:06 INFO Temos 1 ausência(s) nesta data:
25-Aug-2020 12:53:06 INFO Inserida ausência para estudante num 9.
25-Aug-2020 12:53:08 INFO Preenchimento do diário efetuado com sucesso!
25-Aug-2020 12:53:10 INFO Inserindo 1a ausência de 1 no diário 1AFIS ...
25-Aug-2020 12:53:11 INFO Inseriu data 25/08/2020.
25-Aug-2020 12:53:13 INFO Inseriu turma Primeira Série / 2M1A / Manhã.
25-Aug-2020 12:53:14 INFO Inseriu disciplina Física / Pedro Pompermayer Bittencourt.
25-Aug-2020 12:53:15 INFO Inseriu estudante 9 Rayane Lucena de Carvalho.
25-Aug-2020 12:53:16 INFO Inseriu ocorrência: ausente na aula síncrona (P).
25-Aug-2020 12:53:19 INFO Ausência adicionada!
25-Aug-2020 12:53:20 INFO Preenchendo diário 2 ...
25-Aug-2020 12:53:21 INFO Acessou diário da turma 3AFIS, mês 8.
25-Aug-2020 12:53:22 INFO Uma nova data será inserida na coluna 6.
25-Aug-2020 12:53:22 INFO Inserido dia 25 no diário.
25-Aug-2020 12:53:24 INFO Marcando presença para os estudantes.
25-Aug-2020 12:53:25 INFO Temos 1 ausência(s) nesta data:
25-Aug-2020 12:53:25 INFO Inserida ausência para estudante num 8.
25-Aug-2020 12:53:26 INFO Preenchimento do diário efetuado com sucesso!
25-Aug-2020 12:53:28 INFO Inserindo 1a ausência de 1 no diário 3AFIS ...
25-Aug-2020 12:53:29 INFO Inseriu data 25/08/2020.
25-Aug-2020 12:53:31 INFO Inseriu turma Terceira Série / 2M3A / Manhã.
25-Aug-2020 12:53:32 INFO Inseriu disciplina Física / Pedro Pompermayer Bittencourt.
25-Aug-2020 12:53:33 INFO Inseriu estudante 8 Gabriel Elias Louzada Gonçalves.
25-Aug-2020 12:53:34 INFO Inseriu ocorrência: ausente na aula síncrona (P).
25-Aug-2020 12:53:36 INFO Ausência adicionada!
25-Aug-2020 12:53:37 INFO Preenchendo diário 3 ...
25-Aug-2020 12:53:38 INFO Acessou diário da turma 7ADG, mês 8.
25-Aug-2020 12:53:39 INFO Uma nova data será inserida na coluna 4.
25-Aug-2020 12:53:39 INFO Inserido dia 25 no diário.
25-Aug-2020 12:53:40 INFO Marcando presença para os estudantes.
25-Aug-2020 12:53:43 INFO Preenchimento do diário efetuado com sucesso!
25-Aug-2020 12:53:44 INFO Preenchendo diário 4 ...
25-Aug-2020 12:53:44 INFO Acessou diário da turma 8ADG, mês 8.
25-Aug-2020 12:53:46 INFO Uma nova data será inserida na coluna 4.
25-Aug-2020 12:53:46 INFO Inserido dia 25 no diário.
25-Aug-2020 12:53:47 INFO Marcando presença para os estudantes.
25-Aug-2020 12:53:50 INFO Preenchimento do diário efetuado com sucesso!
25-Aug-2020 12:53:51 INFO PROCESSO FINALIZADO!
========================================
26-Aug-2020 13:02:35 INFO ACESSO À PÁGINA EFETUADO POR pedro.bittencourt!
26-Aug-2020 13:02:38 INFO Logou com sucesso!
26-Aug-2020 13:02:38 INFO Preenchendo diário 1 ...
26-Aug-2020 13:02:39 INFO Acessou diário da turma 6ADG, mês 8.
26-Aug-2020 13:02:40 INFO Uma nova data será inserida na coluna 4.
26-Aug-2020 13:02:40 INFO Inserido dia 26 no diário.
26-Aug-2020 13:02:41 INFO Marcando presença para os estudantes.
26-Aug-2020 13:02:44 INFO Preenchimento do diário efetuado com sucesso!
26-Aug-2020 13:02:45 INFO Preenchendo diário 2 ...
26-Aug-2020 13:02:45 INFO Acessou diário da turma 6BDG, mês 8.
26-Aug-2020 13:02:47 INFO Uma nova data será inserida na coluna 4.
26-Aug-2020 13:02:47 INFO Inserido dia 26 no diário.
26-Aug-2020 13:02:48 INFO Marcando presença para os estudantes.
26-Aug-2020 13:02:49 INFO Temos 4 ausência(s) nesta data:
26-Aug-2020 13:02:49 INFO Inserida ausência para estudante num 1.
26-Aug-2020 13:02:49 INFO Inserida ausência para estudante num 2.
26-Aug-2020 13:02:50 INFO Inserida ausência para estudante num 9.
26-Aug-2020 13:02:50 INFO Inserida ausência para estudante num 13.
26-Aug-2020 13:02:51 INFO Preenchimento do diário efetuado com sucesso!
26-Aug-2020 13:02:53 INFO Inserindo 1a ausência de 4 no diário 6BDG ...
26-Aug-2020 13:02:55 INFO Inseriu data 26/08/2020.
26-Aug-2020 13:02:56 INFO Inseriu turma Sexto Ano / 1M6B / Manhã.
26-Aug-2020 13:02:57 INFO Inseriu disciplina Desenho Geométrico / Pedro Pompermayer Bittencourt.
26-Aug-2020 13:02:58 INFO Inseriu estudante 1 Alexandre Cavalcante Ribeiro.
26-Aug-2020 13:03:00 INFO Inseriu ocorrência: ausente na aula síncrona (P).
26-Aug-2020 13:03:02 INFO Ausência adicionada!
26-Aug-2020 13:03:03 INFO Inserindo 2a ausência de 4 no diário 6BDG ...
26-Aug-2020 13:03:05 INFO Inseriu data 26/08/2020.
26-Aug-2020 13:03:06 INFO Inseriu turma Sexto Ano / 1M6B / Manhã.
26-Aug-2020 13:03:08 INFO Inseriu disciplina Desenho Geométrico / Pedro Pompermayer Bittencourt.
26-Aug-2020 13:03:09 INFO Inseriu estudante 2 Enzo de Lima.
26-Aug-2020 13:03:10 INFO Inseriu ocorrência: ausente na aula síncrona (P).
26-Aug-2020 13:03:12 INFO Ausência adicionada!
26-Aug-2020 13:03:14 INFO Inserindo 3a ausência de 4 no diário 6BDG ...
26-Aug-2020 13:03:15 INFO Inseriu data 26/08/2020.
26-Aug-2020 13:03:17 INFO Inseriu turma Sexto Ano / 1M6B / Manhã.
26-Aug-2020 13:03:18 INFO Inseriu disciplina Desenho Geométrico / Pedro Pompermayer Bittencourt.
26-Aug-2020 13:03:19 INFO Inseriu estudante 9 Marcos Vinícios de Luna.
26-Aug-2020 13:03:20 INFO Inseriu ocorrência: ausente na aula síncrona (P).
26-Aug-2020 13:03:22 INFO Ausência adicionada!
26-Aug-2020 13:03:24 INFO Inserindo 4a ausência de 4 no diário 6BDG ...
26-Aug-2020 13:03:26 INFO Inseriu data 26/08/2020.
26-Aug-2020 13:03:27 INFO Inseriu turma Sexto Ano / 1M6B / Manhã.
26-Aug-2020 13:03:29 INFO Inseriu disciplina Desenho Geométrico / Pedro Pompermayer Bittencourt.
26-Aug-2020 13:03:30 INFO Inseriu estudante 13 Pedro Cezar Sousa da Costa.
26-Aug-2020 13:03:31 INFO Inseriu ocorrência: ausente na aula síncrona (P).
26-Aug-2020 13:03:33 INFO Ausência adicionada!
26-Aug-2020 13:03:34 INFO Preenchendo diário 3 ...
26-Aug-2020 13:03:34 INFO Acessou diário da turma 9ADG, mês 8.
26-Aug-2020 13:03:36 INFO Uma nova data será inserida na coluna 4.
26-Aug-2020 13:03:36 INFO Inserido dia 26 no diário.
26-Aug-2020 13:03:37 INFO Marcando presença para os estudantes.
26-Aug-2020 13:03:39 INFO Preenchimento do diário efetuado com sucesso!
26-Aug-2020 13:03:40 INFO Preenchendo diário 4 ...
26-Aug-2020 13:03:41 INFO Acessou diário da turma 2AFIS, mês 8.
26-Aug-2020 13:03:42 INFO Uma nova data será inserida na coluna 6.
26-Aug-2020 13:03:42 INFO Inserido dia 26 no diário.
26-Aug-2020 13:03:44 INFO Marcando presença para os estudantes.
26-Aug-2020 13:03:46 INFO Preenchimento do diário efetuado com sucesso!
26-Aug-2020 13:03:47 INFO PROCESSO FINALIZADO!
========================================
27-Aug-2020 10:49:39 INFO ACESSO À PÁGINA EFETUADO POR pedro.bittencourt!
27-Aug-2020 10:49:43 INFO Logou com sucesso!
27-Aug-2020 10:49:43 INFO Preenchendo diário 1 ...
27-Aug-2020 10:49:44 INFO Acessou diário da turma 3AFIS, mês 8.
27-Aug-2020 10:49:45 INFO Uma nova data será inserida na coluna 7.
27-Aug-2020 10:49:45 INFO Inserido dia 27 no diário.
27-Aug-2020 10:49:47 INFO Marcando presença para os estudantes.
27-Aug-2020 10:49:48 INFO Temos 2 ausência(s) nesta data:
27-Aug-2020 10:49:48 INFO Inserida ausência para estudante num 6.
27-Aug-2020 10:49:48 INFO Inserida ausência para estudante num 8.
27-Aug-2020 10:49:49 INFO Preenchimento do diário efetuado com sucesso!
27-Aug-2020 10:49:51 INFO Inserindo 1a ausência de 2 no diário 3AFIS ...
27-Aug-2020 10:49:52 INFO Inseriu data 27/08/2020.
27-Aug-2020 10:49:54 INFO Inseriu turma Terceira Série / 2M3A / Manhã.
27-Aug-2020 10:49:55 INFO Inseriu disciplina Física / Pedro Pompermayer Bittencourt.
27-Aug-2020 10:49:56 INFO Inseriu estudante 6 Livia Borges Tagliapietra.
27-Aug-2020 10:49:58 INFO Inseriu ocorrência: ausente na aula síncrona (P).
27-Aug-2020 10:49:59 INFO Ausência adicionada!
27-Aug-2020 10:50:01 INFO Inserindo 2a ausência de 2 no diário 3AFIS ...
27-Aug-2020 10:50:02 INFO Inseriu data 27/08/2020.
27-Aug-2020 10:50:04 INFO Inseriu turma Terceira Série / 2M3A / Manhã.
27-Aug-2020 10:50:05 INFO Inseriu disciplina Física / Pedro Pompermayer Bittencourt.
27-Aug-2020 10:50:06 INFO Inseriu estudante 8 Gabriel Elias Louzada Gonçalves.
27-Aug-2020 10:50:07 INFO Inseriu ocorrência: ausente na aula síncrona (P).
27-Aug-2020 10:50:09 INFO Ausência adicionada!
27-Aug-2020 10:50:10 INFO Preenchendo diário 2 ...
27-Aug-2020 10:50:11 INFO Acessou diário da turma 1AFIS, mês 8.
27-Aug-2020 10:50:12 INFO Uma nova data será inserida na coluna 7.
27-Aug-2020 10:50:13 INFO Inserido dia 27 no diário.
27-Aug-2020 10:50:14 INFO Marcando presença para os estudantes.
27-Aug-2020 10:50:15 INFO Temos 1 ausência(s) nesta data:
27-Aug-2020 10:50:15 INFO Inserida ausência para estudante num 9.
27-Aug-2020 10:50:16 INFO Preenchimento do diário efetuado com sucesso!
27-Aug-2020 10:50:18 INFO Inserindo 1a ausência de 1 no diário 1AFIS ...
27-Aug-2020 10:50:19 INFO Inseriu data 27/08/2020.
27-Aug-2020 10:50:21 INFO Inseriu turma Primeira Série / 2M1A / Manhã.
27-Aug-2020 10:50:22 INFO Inseriu disciplina Física / Pedro Pompermayer Bittencourt.
27-Aug-2020 10:50:23 INFO Inseriu estudante 9 Rayane Lucena de Carvalho.
27-Aug-2020 10:50:25 INFO Inseriu ocorrência: ausente na aula síncrona (P).
27-Aug-2020 10:50:26 INFO Ausência adicionada!
27-Aug-2020 10:50:27 INFO PROCESSO FINALIZADO!
========================================
